mode: set
github.com/Abhishek-Jain-1925/Website-Checker/service/service.go:26.61,28.17 2 1
github.com/Abhishek-Jain-1925/Website-Checker/service/service.go:28.17,30.3 1 1
github.com/Abhishek-Jain-1925/Website-Checker/service/service.go:32.2,34.16 3 1
github.com/Abhishek-Jain-1925/Website-Checker/service/service.go:34.16,38.3 3 1
github.com/Abhishek-Jain-1925/Website-Checker/service/service.go:40.2,40.29 1 1
github.com/Abhishek-Jain-1925/Website-Checker/service/service.go:40.29,44.3 3 0
github.com/Abhishek-Jain-1925/Website-Checker/service/service.go:46.2,46.36 1 1
github.com/Abhishek-Jain-1925/Website-Checker/service/service.go:46.36,47.23 1 1
github.com/Abhishek-Jain-1925/Website-Checker/service/service.go:47.23,51.4 3 1
github.com/Abhishek-Jain-1925/Website-Checker/service/service.go:55.2,55.36 1 1
github.com/Abhishek-Jain-1925/Website-Checker/service/service.go:55.36,58.3 2 1
github.com/Abhishek-Jain-1925/Website-Checker/service/service.go:60.2,60.44 1 1
github.com/Abhishek-Jain-1925/Website-Checker/service/service.go:63.62,67.2 2 1
github.com/Abhishek-Jain-1925/Website-Checker/service/service.go:69.57,73.49 4 1
github.com/Abhishek-Jain-1925/Website-Checker/service/service.go:73.49,77.3 3 0
github.com/Abhishek-Jain-1925/Website-Checker/service/service.go:79.2,80.13 2 1
github.com/Abhishek-Jain-1925/Website-Checker/service/service.go:80.13,84.3 3 1
github.com/Abhishek-Jain-1925/Website-Checker/service/service.go:85.2,85.48 1 0
github.com/Abhishek-Jain-1925/Website-Checker/service/service.go:88.30,91.16 2 1
github.com/Abhishek-Jain-1925/Website-Checker/service/service.go:91.16,94.3 2 0
github.com/Abhishek-Jain-1925/Website-Checker/service/service.go:96.2,96.55 1 0
github.com/Abhishek-Jain-1925/Website-Checker/service/service.go:96.55,98.3 1 0
github.com/Abhishek-Jain-1925/Website-Checker/service/service.go:98.8,100.3 1 0
github.com/Abhishek-Jain-1925/Website-Checker/service/service.go:105.37,106.6 1 0
github.com/Abhishek-Jain-1925/Website-Checker/service/service.go:106.6,109.17 2 0
github.com/Abhishek-Jain-1925/Website-Checker/service/service.go:109.17,112.4 2 0
github.com/Abhishek-Jain-1925/Website-Checker/service/service.go:114.3,114.56 1 0
github.com/Abhishek-Jain-1925/Website-Checker/service/service.go:114.56,116.4 1 0
github.com/Abhishek-Jain-1925/Website-Checker/service/service.go:118.3,118.26 1 0
github.com/Abhishek-Jain-1925/Website-Checker/service/service.go:122.32,125.2 2 1
